2024-04-16 12:24:18 INFO Log started for: Client.Main
2024-04-16 12:24:18 INFO [Client.Main] Receiver started
2024-04-16 12:24:18 INFO [Client.Receiver] Sending   -----> REQ packet for file: README.txt
2024-04-16 12:24:18 INFO [Client.Receiver] Received   <----- DAT packet seqNo: 0, containing 16(bytes) of the file.
2024-04-16 12:24:18 INFO [Client.Receiver] Sending   -----> ACK packet for sequence number: 0
2024-04-16 12:24:18 INFO [Client.Receiver] Received   <----- DAT packet seqNo: 1, containing 16(bytes) of the file.
2024-04-16 12:24:18 INFO [Client.Receiver] Sending   -----> ACK packet for sequence number: 1
2024-04-16 12:24:18 INFO [Client.Receiver] Received   <----- DAT packet seqNo: 2, containing 16(bytes) of the file.
2024-04-16 12:24:18 INFO [Client.Receiver] Sending   -----> ACK packet for sequence number: 2
2024-04-16 12:24:18 INFO [Client.Receiver] Received   <----- DAT packet seqNo: 3, containing 16(bytes) of the file.
2024-04-16 12:24:18 INFO [Client.Receiver] Sending   -----> ACK packet for sequence number: 3
2024-04-16 12:24:18 INFO [Client.Receiver] Received   <----- DAT packet seqNo: 0, containing 16(bytes) of the file.
2024-04-16 12:24:18 INFO [Client.Receiver] Sending   -----> ACK packet for sequence number: 0
2024-04-16 12:24:19 INFO [Client.Receiver] Received   <----- DAT packet seqNo: 1, containing 16(bytes) of the file.
2024-04-16 12:24:19 INFO [Client.Receiver] Sending   -----> ACK packet for sequence number: 1
2024-04-16 12:24:19 INFO [Client.Receiver] Received   <----- DAT packet seqNo: 2, containing 16(bytes) of the file.
2024-04-16 12:24:19 INFO [Client.Receiver] Sending   -----> ACK packet for sequence number: 2
2024-04-16 12:24:19 INFO [Client.Receiver] Received   <----- DAT packet seqNo: 3, containing 16(bytes) of the file.
2024-04-16 12:24:19 INFO [Client.Receiver] Sending   -----> ACK packet for sequence number: 3
2024-04-16 12:24:19 INFO [Client.Receiver] Received   <----- DAT packet seqNo: 0, containing 16(bytes) of the file.
2024-04-16 12:24:19 INFO [Client.Receiver] Sending   -----> ACK packet for sequence number: 0
2024-04-16 12:24:19 INFO [Client.Receiver] Received   <----- DAT packet seqNo: 1, containing 16(bytes) of the file.
2024-04-16 12:24:19 INFO [Client.Receiver] Sending   -----> ACK packet for sequence number: 1
2024-04-16 12:24:19 INFO [Client.Receiver] Received   <----- DAT packet seqNo: 2, containing 16(bytes) of the file.
2024-04-16 12:24:19 INFO [Client.Receiver] Sending   -----> ACK packet for sequence number: 2
2024-04-16 12:24:19 INFO [Client.Receiver] Received   <----- DAT packet seqNo: 3, containing 16(bytes) of the file.
2024-04-16 12:24:19 INFO [Client.Receiver] Sending   -----> ACK packet for sequence number: 3
2024-04-16 12:24:19 INFO [Client.Receiver] Received   <----- DAT packet seqNo: 0, containing 16(bytes) of the file.
2024-04-16 12:24:19 INFO [Client.Receiver] Sending   -----> ACK packet for sequence number: 0
2024-04-16 12:24:19 INFO [Client.Receiver] Received   <----- DAT packet seqNo: 1, containing 16(bytes) of the file.
2024-04-16 12:24:19 INFO [Client.Receiver] Sending   -----> ACK packet for sequence number: 1
2024-04-16 12:24:20 INFO [Client.Receiver] Received   <----- DAT packet seqNo: 2, containing 16(bytes) of the file.
2024-04-16 12:24:20 INFO [Client.Receiver] Sending   -----> ACK packet for sequence number: 2
2024-04-16 12:24:20 INFO [Client.Receiver] Received   <----- DAT packet seqNo: 3, containing 16(bytes) of the file.
2024-04-16 12:24:20 INFO [Client.Receiver] Sending   -----> ACK packet for sequence number: 3
2024-04-16 12:24:20 INFO [Client.Receiver] Received   <----- DAT packet seqNo: 0, containing 16(bytes) of the file.
2024-04-16 12:24:20 INFO [Client.Receiver] Sending   -----> ACK packet for sequence number: 0
2024-04-16 12:24:20 INFO [Client.Receiver] Received   <----- DAT packet seqNo: 1, containing 16(bytes) of the file.
2024-04-16 12:24:20 INFO [Client.Receiver] Sending   -----> ACK packet for sequence number: 1
2024-04-16 12:24:20 INFO [Client.Receiver] Received   <----- DAT packet seqNo: 2, containing 16(bytes) of the file.
2024-04-16 12:24:20 INFO [Client.Receiver] Sending   -----> ACK packet for sequence number: 2
2024-04-16 12:24:20 INFO [Client.Receiver] Received   <----- DAT packet seqNo: 3, containing 16(bytes) of the file.
2024-04-16 12:24:20 INFO [Client.Receiver] Sending   -----> ACK packet for sequence number: 3
2024-04-16 12:24:20 INFO [Client.Receiver] Received   <----- DAT packet seqNo: 0, containing 16(bytes) of the file.
2024-04-16 12:24:20 INFO [Client.Receiver] Sending   -----> ACK packet for sequence number: 0
2024-04-16 12:24:20 INFO [Client.Receiver] Received   <----- DAT packet seqNo: 1, containing 16(bytes) of the file.
2024-04-16 12:24:20 INFO [Client.Receiver] Sending   -----> ACK packet for sequence number: 1
2024-04-16 12:24:20 INFO [Client.Receiver] Received   <----- DAT packet seqNo: 2, containing 16(bytes) of the file.
2024-04-16 12:24:20 INFO [Client.Receiver] Sending   -----> ACK packet for sequence number: 2
2024-04-16 12:24:21 INFO [Client.Receiver] Received   <----- DAT packet seqNo: 3, containing 16(bytes) of the file.
2024-04-16 12:24:21 INFO [Client.Receiver] Sending   -----> ACK packet for sequence number: 3
2024-04-16 12:24:21 INFO [Client.Receiver] Received   <----- DAT packet seqNo: 0, containing 16(bytes) of the file.
2024-04-16 12:24:21 INFO [Client.Receiver] Sending   -----> ACK packet for sequence number: 0
2024-04-16 12:24:21 INFO [Client.Receiver] Received   <----- DAT packet seqNo: 1, containing 16(bytes) of the file.
2024-04-16 12:24:21 INFO [Client.Receiver] Sending   -----> ACK packet for sequence number: 1
2024-04-16 12:24:21 INFO [Client.Receiver] Received   <----- DAT packet seqNo: 2, containing 16(bytes) of the file.
2024-04-16 12:24:21 INFO [Client.Receiver] Sending   -----> ACK packet for sequence number: 2
2024-04-16 12:24:21 INFO [Client.Receiver] Received   <----- DAT packet seqNo: 3, containing 16(bytes) of the file.
2024-04-16 12:24:21 INFO [Client.Receiver] Sending   -----> ACK packet for sequence number: 3
2024-04-16 12:24:21 INFO [Client.Receiver] Received   <----- DAT packet seqNo: 0, containing 16(bytes) of the file.
2024-04-16 12:24:21 INFO [Client.Receiver] Sending   -----> ACK packet for sequence number: 0
2024-04-16 12:24:21 INFO [Client.Receiver] Received   <----- DAT packet seqNo: 1, containing 16(bytes) of the file.
2024-04-16 12:24:21 INFO [Client.Receiver] Sending   -----> ACK packet for sequence number: 1
2024-04-16 12:24:21 INFO [Client.Receiver] Received   <----- DAT packet seqNo: 2, containing 16(bytes) of the file.
2024-04-16 12:24:21 INFO [Client.Receiver] Sending   -----> ACK packet for sequence number: 2
2024-04-16 12:24:21 INFO [Client.Receiver] Received   <----- DAT packet seqNo: 3, containing 16(bytes) of the file.
2024-04-16 12:24:21 INFO [Client.Receiver] Sending   -----> ACK packet for sequence number: 3
2024-04-16 12:24:21 INFO [Client.Receiver] Received   <----- DAT packet seqNo: 0, containing 16(bytes) of the file.
2024-04-16 12:24:21 INFO [Client.Receiver] Sending   -----> ACK packet for sequence number: 0
2024-04-16 12:24:22 INFO [Client.Receiver] Received   <----- DAT packet seqNo: 1, containing 16(bytes) of the file.
2024-04-16 12:24:22 INFO [Client.Receiver] Sending   -----> ACK packet for sequence number: 1
2024-04-16 12:24:22 INFO [Client.Receiver] Received   <----- DAT packet seqNo: 2, containing 16(bytes) of the file.
2024-04-16 12:24:22 INFO [Client.Receiver] Sending   -----> ACK packet for sequence number: 2
2024-04-16 12:24:22 INFO [Client.Receiver] Received   <----- DAT packet seqNo: 3, containing 16(bytes) of the file.
2024-04-16 12:24:22 INFO [Client.Receiver] Sending   -----> ACK packet for sequence number: 3
2024-04-16 12:24:22 INFO [Client.Receiver] Received   <----- DAT packet seqNo: 0, containing 16(bytes) of the file.
2024-04-16 12:24:22 INFO [Client.Receiver] Sending   -----> ACK packet for sequence number: 0
2024-04-16 12:24:22 INFO [Client.Receiver] Received   <----- DAT packet seqNo: 1, containing 16(bytes) of the file.
2024-04-16 12:24:22 INFO [Client.Receiver] Sending   -----> ACK packet for sequence number: 1
2024-04-16 12:24:22 INFO [Client.Receiver] Received   <----- DAT packet seqNo: 2, containing 16(bytes) of the file.
2024-04-16 12:24:22 INFO [Client.Receiver] Sending   -----> ACK packet for sequence number: 2
2024-04-16 12:24:22 INFO [Client.Receiver] Received   <----- DAT packet seqNo: 3, containing 16(bytes) of the file.
2024-04-16 12:24:22 INFO [Client.Receiver] Sending   -----> ACK packet for sequence number: 3
2024-04-16 12:24:22 INFO [Client.Receiver] Received   <----- DAT packet seqNo: 0, containing 16(bytes) of the file.
2024-04-16 12:24:22 INFO [Client.Receiver] Sending   -----> ACK packet for sequence number: 0
2024-04-16 12:24:22 INFO [Client.Receiver] Received   <----- DAT packet seqNo: 1, containing 16(bytes) of the file.
2024-04-16 12:24:22 INFO [Client.Receiver] Sending   -----> ACK packet for sequence number: 1
2024-04-16 12:24:23 INFO [Client.Receiver] Received   <----- DAT packet seqNo: 2, containing 16(bytes) of the file.
2024-04-16 12:24:23 INFO [Client.Receiver] Sending   -----> ACK packet for sequence number: 2
2024-04-16 12:24:23 INFO [Client.Receiver] Received   <----- DAT packet seqNo: 3, containing 16(bytes) of the file.
2024-04-16 12:24:23 INFO [Client.Receiver] Sending   -----> ACK packet for sequence number: 3
2024-04-16 12:24:23 INFO [Client.Receiver] Received   <----- DAT packet seqNo: 0, containing 16(bytes) of the file.
2024-04-16 12:24:23 INFO [Client.Receiver] Sending   -----> ACK packet for sequence number: 0
2024-04-16 12:24:23 INFO [Client.Receiver] Received   <----- DAT packet seqNo: 1, containing 16(bytes) of the file.
2024-04-16 12:24:23 INFO [Client.Receiver] Sending   -----> ACK packet for sequence number: 1
2024-04-16 12:24:23 INFO [Client.Receiver] Received   <----- DAT packet seqNo: 2, containing 16(bytes) of the file.
2024-04-16 12:24:23 INFO [Client.Receiver] Sending   -----> ACK packet for sequence number: 2
2024-04-16 12:24:23 INFO [Client.Receiver] Received   <----- DAT packet seqNo: 3, containing 16(bytes) of the file.
2024-04-16 12:24:23 INFO [Client.Receiver] Sending   -----> ACK packet for sequence number: 3
2024-04-16 12:24:23 INFO [Client.Receiver] Received   <----- DAT packet seqNo: 0, containing 16(bytes) of the file.
2024-04-16 12:24:23 INFO [Client.Receiver] Sending   -----> ACK packet for sequence number: 0
2024-04-16 12:24:23 INFO [Client.Receiver] Received   <----- DAT packet seqNo: 1, containing 16(bytes) of the file.
2024-04-16 12:24:23 INFO [Client.Receiver] Sending   -----> ACK packet for sequence number: 1
2024-04-16 12:24:23 INFO [Client.Receiver] Received   <----- DAT packet seqNo: 2, containing 16(bytes) of the file.
2024-04-16 12:24:23 INFO [Client.Receiver] Sending   -----> ACK packet for sequence number: 2
2024-04-16 12:24:24 INFO [Client.Receiver] Received   <----- DAT packet seqNo: 3, containing 16(bytes) of the file.
2024-04-16 12:24:24 INFO [Client.Receiver] Sending   -----> ACK packet for sequence number: 3
2024-04-16 12:24:24 INFO [Client.Receiver] Received   <----- DAT packet seqNo: 0, containing 16(bytes) of the file.
2024-04-16 12:24:24 INFO [Client.Receiver] Sending   -----> ACK packet for sequence number: 0
2024-04-16 12:24:24 INFO [Client.Receiver] Received   <----- DAT packet seqNo: 1, containing 16(bytes) of the file.
2024-04-16 12:24:24 INFO [Client.Receiver] Sending   -----> ACK packet for sequence number: 1
2024-04-16 12:24:24 INFO [Client.Receiver] Received   <----- DAT packet seqNo: 2, containing 16(bytes) of the file.
2024-04-16 12:24:24 INFO [Client.Receiver] Sending   -----> ACK packet for sequence number: 2
2024-04-16 12:24:24 INFO [Client.Receiver] Received   <----- DAT packet seqNo: 3, containing 16(bytes) of the file.
2024-04-16 12:24:24 INFO [Client.Receiver] Sending   -----> ACK packet for sequence number: 3
2024-04-16 12:24:24 INFO [Client.Receiver] Received   <----- DAT packet seqNo: 0, containing 16(bytes) of the file.
2024-04-16 12:24:24 INFO [Client.Receiver] Sending   -----> ACK packet for sequence number: 0
2024-04-16 12:24:24 INFO [Client.Receiver] Received   <----- DAT packet seqNo: 1, containing 16(bytes) of the file.
2024-04-16 12:24:24 INFO [Client.Receiver] Sending   -----> ACK packet for sequence number: 1
2024-04-16 12:24:24 INFO [Client.Receiver] Received   <----- DAT packet seqNo: 2, containing 16(bytes) of the file.
2024-04-16 12:24:24 INFO [Client.Receiver] Sending   -----> ACK packet for sequence number: 2
2024-04-16 12:24:24 INFO [Client.Receiver] Received   <----- DAT packet seqNo: 3, containing 16(bytes) of the file.
2024-04-16 12:24:24 INFO [Client.Receiver] Sending   -----> ACK packet for sequence number: 3
2024-04-16 12:24:24 INFO [Client.Receiver] Received   <----- DAT packet seqNo: 0, containing 16(bytes) of the file.
2024-04-16 12:24:24 INFO [Client.Receiver] Sending   -----> ACK packet for sequence number: 0
2024-04-16 12:24:25 INFO [Client.Receiver] Received   <----- DAT packet seqNo: 1, containing 16(bytes) of the file.
2024-04-16 12:24:25 INFO [Client.Receiver] Sending   -----> ACK packet for sequence number: 1
2024-04-16 12:24:25 INFO [Client.Receiver] Received   <----- DAT packet seqNo: 2, containing 16(bytes) of the file.
2024-04-16 12:24:25 INFO [Client.Receiver] Sending   -----> ACK packet for sequence number: 2
2024-04-16 12:24:25 INFO [Client.Receiver] Received   <----- DAT packet seqNo: 3, containing 16(bytes) of the file.
2024-04-16 12:24:25 INFO [Client.Receiver] Sending   -----> ACK packet for sequence number: 3
2024-04-16 12:24:25 INFO [Client.Receiver] Received   <----- DAT packet seqNo: 0, containing 16(bytes) of the file.
2024-04-16 12:24:25 INFO [Client.Receiver] Sending   -----> ACK packet for sequence number: 0
2024-04-16 12:24:25 INFO [Client.Receiver] Received   <----- DAT packet seqNo: 1, containing 16(bytes) of the file.
2024-04-16 12:24:25 INFO [Client.Receiver] Sending   -----> ACK packet for sequence number: 1
2024-04-16 12:24:25 INFO [Client.Receiver] Received   <----- DAT packet seqNo: 2, containing 16(bytes) of the file.
2024-04-16 12:24:25 INFO [Client.Receiver] Sending   -----> ACK packet for sequence number: 2
2024-04-16 12:24:25 INFO [Client.Receiver] Received   <----- DAT packet seqNo: 3, containing 16(bytes) of the file.
2024-04-16 12:24:25 INFO [Client.Receiver] Sending   -----> ACK packet for sequence number: 3
2024-04-16 12:24:25 INFO [Client.Receiver] Received   <----- DAT packet seqNo: 0, containing 16(bytes) of the file.
2024-04-16 12:24:25 INFO [Client.Receiver] Sending   -----> ACK packet for sequence number: 0
2024-04-16 12:24:25 INFO [Client.Receiver] Received   <----- DAT packet seqNo: 1, containing 16(bytes) of the file.
2024-04-16 12:24:25 INFO [Client.Receiver] Sending   -----> ACK packet for sequence number: 1
2024-04-16 12:24:26 INFO [Client.Receiver] Received   <----- DAT packet seqNo: 2, containing 16(bytes) of the file.
2024-04-16 12:24:26 INFO [Client.Receiver] Sending   -----> ACK packet for sequence number: 2
2024-04-16 12:24:26 INFO [Client.Receiver] Received   <----- DAT packet seqNo: 3, containing 16(bytes) of the file.
2024-04-16 12:24:26 INFO [Client.Receiver] Sending   -----> ACK packet for sequence number: 3
2024-04-16 12:24:26 INFO [Client.Receiver] Received   <----- DAT packet seqNo: 0, containing 16(bytes) of the file.
2024-04-16 12:24:26 INFO [Client.Receiver] Sending   -----> ACK packet for sequence number: 0
2024-04-16 12:24:26 INFO [Client.Receiver] Received   <----- DAT packet seqNo: 1, containing 16(bytes) of the file.
2024-04-16 12:24:26 INFO [Client.Receiver] Sending   -----> ACK packet for sequence number: 1
2024-04-16 12:24:26 INFO [Client.Receiver] Received   <----- DAT packet seqNo: 2, containing 16(bytes) of the file.
2024-04-16 12:24:26 INFO [Client.Receiver] Sending   -----> ACK packet for sequence number: 2
2024-04-16 12:24:26 INFO [Client.Receiver] Received   <----- DAT packet seqNo: 3, containing 16(bytes) of the file.
2024-04-16 12:24:26 INFO [Client.Receiver] Sending   -----> ACK packet for sequence number: 3
2024-04-16 12:24:26 INFO [Client.Receiver] Received   <----- DAT packet seqNo: 0, containing 16(bytes) of the file.
2024-04-16 12:24:26 INFO [Client.Receiver] Sending   -----> ACK packet for sequence number: 0
2024-04-16 12:24:26 INFO [Client.Receiver] Received   <----- DAT packet seqNo: 1, containing 16(bytes) of the file.
2024-04-16 12:24:26 INFO [Client.Receiver] Sending   -----> ACK packet for sequence number: 1
2024-04-16 12:24:26 INFO [Client.Receiver] Received   <----- DAT packet seqNo: 2, containing 16(bytes) of the file.
2024-04-16 12:24:26 INFO [Client.Receiver] Sending   -----> ACK packet for sequence number: 2
2024-04-16 12:24:26 INFO [Client.Receiver] Received   <----- DAT packet seqNo: 3, containing 16(bytes) of the file.
2024-04-16 12:24:26 INFO [Client.Receiver] Sending   -----> ACK packet for sequence number: 3
2024-04-16 12:24:27 INFO [Client.Receiver] Received   <----- DAT packet seqNo: 0, containing 16(bytes) of the file.
2024-04-16 12:24:27 INFO [Client.Receiver] Sending   -----> ACK packet for sequence number: 0
2024-04-16 12:24:27 INFO [Client.Receiver] Received   <----- DAT packet seqNo: 1, containing 16(bytes) of the file.
2024-04-16 12:24:27 INFO [Client.Receiver] Sending   -----> ACK packet for sequence number: 1
2024-04-16 12:24:27 INFO [Client.Receiver] Received   <----- DAT packet seqNo: 2, containing 16(bytes) of the file.
2024-04-16 12:24:27 INFO [Client.Receiver] Sending   -----> ACK packet for sequence number: 2
2024-04-16 12:24:27 INFO [Client.Receiver] Received   <----- DAT packet seqNo: 3, containing 16(bytes) of the file.
2024-04-16 12:24:27 INFO [Client.Receiver] Sending   -----> ACK packet for sequence number: 3
2024-04-16 12:24:27 INFO [Client.Receiver] Received   <----- DAT packet seqNo: 0, containing 16(bytes) of the file.
2024-04-16 12:24:27 INFO [Client.Receiver] Sending   -----> ACK packet for sequence number: 0
2024-04-16 12:24:27 INFO [Client.Receiver] Received   <----- DAT packet seqNo: 1, containing 16(bytes) of the file.
2024-04-16 12:24:27 INFO [Client.Receiver] Sending   -----> ACK packet for sequence number: 1
2024-04-16 12:24:27 INFO [Client.Receiver] Received   <----- DAT packet seqNo: 2, containing 16(bytes) of the file.
2024-04-16 12:24:27 INFO [Client.Receiver] Sending   -----> ACK packet for sequence number: 2
2024-04-16 12:24:27 INFO [Client.Receiver] Received   <----- DAT packet seqNo: 3, containing 16(bytes) of the file.
2024-04-16 12:24:27 INFO [Client.Receiver] Sending   -----> ACK packet for sequence number: 3
2024-04-16 12:24:27 INFO [Client.Receiver] Received   <----- DAT packet seqNo: 0, containing 16(bytes) of the file.
2024-04-16 12:24:27 INFO [Client.Receiver] Sending   -----> ACK packet for sequence number: 0
2024-04-16 12:24:28 INFO [Client.Receiver] Received   <----- DAT packet seqNo: 1, containing 16(bytes) of the file.
2024-04-16 12:24:28 INFO [Client.Receiver] Sending   -----> ACK packet for sequence number: 1
2024-04-16 12:24:28 INFO [Client.Receiver] Received   <----- DAT packet seqNo: 2, containing 16(bytes) of the file.
2024-04-16 12:24:28 INFO [Client.Receiver] Sending   -----> ACK packet for sequence number: 2
2024-04-16 12:24:28 INFO [Client.Receiver] Received   <----- DAT packet seqNo: 3, containing 16(bytes) of the file.
2024-04-16 12:24:28 INFO [Client.Receiver] Sending   -----> ACK packet for sequence number: 3
2024-04-16 12:24:28 INFO [Client.Receiver] Received   <----- DAT packet seqNo: 0, containing 16(bytes) of the file.
2024-04-16 12:24:28 INFO [Client.Receiver] Sending   -----> ACK packet for sequence number: 0
2024-04-16 12:24:28 INFO [Client.Receiver] Received   <----- DAT packet seqNo: 1, containing 16(bytes) of the file.
2024-04-16 12:24:28 INFO [Client.Receiver] Sending   -----> ACK packet for sequence number: 1
2024-04-16 12:24:28 INFO [Client.Receiver] Received   <----- DAT packet seqNo: 2, containing 16(bytes) of the file.
2024-04-16 12:24:28 INFO [Client.Receiver] Sending   -----> ACK packet for sequence number: 2
2024-04-16 12:24:28 INFO [Client.Receiver] Received   <----- DAT packet seqNo: 3, containing 16(bytes) of the file.
2024-04-16 12:24:28 INFO [Client.Receiver] Sending   -----> ACK packet for sequence number: 3
2024-04-16 12:24:28 INFO [Client.Receiver] Received   <----- DAT packet seqNo: 0, containing 16(bytes) of the file.
2024-04-16 12:24:28 INFO [Client.Receiver] Sending   -----> ACK packet for sequence number: 0
2024-04-16 12:24:28 INFO [Client.Receiver] Received   <----- DAT packet seqNo: 1, containing 16(bytes) of the file.
2024-04-16 12:24:28 INFO [Client.Receiver] Sending   -----> ACK packet for sequence number: 1
2024-04-16 12:24:29 INFO [Client.Receiver] Received   <----- DAT packet seqNo: 2, containing 16(bytes) of the file.
2024-04-16 12:24:29 INFO [Client.Receiver] Sending   -----> ACK packet for sequence number: 2
2024-04-16 12:24:29 INFO [Client.Receiver] Received   <----- DAT packet seqNo: 3, containing 16(bytes) of the file.
2024-04-16 12:24:29 INFO [Client.Receiver] Sending   -----> ACK packet for sequence number: 3
2024-04-16 12:24:29 INFO [Client.Receiver] Received   <----- DAT packet seqNo: 0, containing 16(bytes) of the file.
2024-04-16 12:24:29 INFO [Client.Receiver] Sending   -----> ACK packet for sequence number: 0
2024-04-16 12:24:29 INFO [Client.Receiver] Received   <----- DAT packet seqNo: 1, containing 16(bytes) of the file.
2024-04-16 12:24:29 INFO [Client.Receiver] Sending   -----> ACK packet for sequence number: 1
2024-04-16 12:24:29 INFO [Client.Receiver] Received   <----- DAT packet seqNo: 2, containing 16(bytes) of the file.
2024-04-16 12:24:29 INFO [Client.Receiver] Sending   -----> ACK packet for sequence number: 2
2024-04-16 12:24:29 INFO [Client.Receiver] Received   <----- DAT packet seqNo: 3, containing 16(bytes) of the file.
2024-04-16 12:24:29 INFO [Client.Receiver] Sending   -----> ACK packet for sequence number: 3
2024-04-16 12:24:29 INFO [Client.Receiver] Received   <----- DAT packet seqNo: 0, containing 16(bytes) of the file.
2024-04-16 12:24:29 INFO [Client.Receiver] Sending   -----> ACK packet for sequence number: 0
2024-04-16 12:24:29 INFO [Client.Receiver] Received   <----- DAT packet seqNo: 1, containing 16(bytes) of the file.
2024-04-16 12:24:29 INFO [Client.Receiver] Sending   -----> ACK packet for sequence number: 1
2024-04-16 12:24:29 INFO [Client.Receiver] Received   <----- DAT packet seqNo: 2, containing 16(bytes) of the file.
2024-04-16 12:24:29 INFO [Client.Receiver] Sending   -----> ACK packet for sequence number: 2
2024-04-16 12:24:29 INFO [Client.Receiver] Received   <----- DAT packet seqNo: 3, containing 16(bytes) of the file.
2024-04-16 12:24:29 INFO [Client.Receiver] Sending   -----> ACK packet for sequence number: 3
2024-04-16 12:24:30 INFO [Client.Receiver] Received   <----- DAT packet seqNo: 0, containing 16(bytes) of the file.
2024-04-16 12:24:30 INFO [Client.Receiver] Sending   -----> ACK packet for sequence number: 0
2024-04-16 12:24:30 INFO [Client.Receiver] Received   <----- DAT packet seqNo: 1, containing 16(bytes) of the file.
2024-04-16 12:24:30 INFO [Client.Receiver] Sending   -----> ACK packet for sequence number: 1
2024-04-16 12:24:30 INFO [Client.Receiver] Received   <----- DAT packet seqNo: 2, containing 16(bytes) of the file.
2024-04-16 12:24:30 INFO [Client.Receiver] Sending   -----> ACK packet for sequence number: 2
2024-04-16 12:24:30 INFO [Client.Receiver] Received   <----- DAT packet seqNo: 3, containing 16(bytes) of the file.
2024-04-16 12:24:30 INFO [Client.Receiver] Sending   -----> ACK packet for sequence number: 3
2024-04-16 12:24:30 INFO [Client.Receiver] Received   <----- DAT packet seqNo: 0, containing 16(bytes) of the file.
2024-04-16 12:24:30 INFO [Client.Receiver] Sending   -----> ACK packet for sequence number: 0
2024-04-16 12:24:30 INFO [Client.Receiver] Received   <----- DAT packet seqNo: 1, containing 16(bytes) of the file.
2024-04-16 12:24:30 INFO [Client.Receiver] Sending   -----> ACK packet for sequence number: 1
2024-04-16 12:24:30 INFO [Client.Receiver] Received   <----- DAT packet seqNo: 2, containing 16(bytes) of the file.
2024-04-16 12:24:30 INFO [Client.Receiver] Sending   -----> ACK packet for sequence number: 2
2024-04-16 12:24:30 INFO [Client.Receiver] Received   <----- DAT packet seqNo: 3, containing 16(bytes) of the file.
2024-04-16 12:24:30 INFO [Client.Receiver] Sending   -----> ACK packet for sequence number: 3
2024-04-16 12:24:30 INFO [Client.Receiver] Received   <----- DAT packet seqNo: 0, containing 16(bytes) of the file.
2024-04-16 12:24:30 INFO [Client.Receiver] Sending   -----> ACK packet for sequence number: 0
2024-04-16 12:24:31 INFO [Client.Receiver] Received   <----- DAT packet seqNo: 1, containing 16(bytes) of the file.
2024-04-16 12:24:31 INFO [Client.Receiver] Sending   -----> ACK packet for sequence number: 1
2024-04-16 12:24:31 INFO [Client.Receiver] Received   <----- DAT packet seqNo: 2, containing 16(bytes) of the file.
2024-04-16 12:24:31 INFO [Client.Receiver] Sending   -----> ACK packet for sequence number: 2
2024-04-16 12:24:31 INFO [Client.Receiver] Received   <----- DAT packet seqNo: 3, containing 16(bytes) of the file.
2024-04-16 12:24:31 INFO [Client.Receiver] Sending   -----> ACK packet for sequence number: 3
2024-04-16 12:24:31 INFO [Client.Receiver] Received   <----- DAT packet seqNo: 0, containing 16(bytes) of the file.
2024-04-16 12:24:31 INFO [Client.Receiver] Sending   -----> ACK packet for sequence number: 0
2024-04-16 12:24:31 INFO [Client.Receiver] Received   <----- DAT packet seqNo: 1, containing 16(bytes) of the file.
2024-04-16 12:24:31 INFO [Client.Receiver] Sending   -----> ACK packet for sequence number: 1
2024-04-16 12:24:31 INFO [Client.Receiver] Received   <----- DAT packet seqNo: 2, containing 16(bytes) of the file.
2024-04-16 12:24:31 INFO [Client.Receiver] Sending   -----> ACK packet for sequence number: 2
2024-04-16 12:24:31 INFO [Client.Receiver] Received   <----- DAT packet seqNo: 3, containing 16(bytes) of the file.
2024-04-16 12:24:31 INFO [Client.Receiver] Sending   -----> ACK packet for sequence number: 3
2024-04-16 12:24:31 INFO [Client.Receiver] Received   <----- DAT packet seqNo: 0, containing 16(bytes) of the file.
2024-04-16 12:24:31 INFO [Client.Receiver] Sending   -----> ACK packet for sequence number: 0
2024-04-16 12:24:31 INFO [Client.Receiver] Received   <----- DAT packet seqNo: 1, containing 16(bytes) of the file.
2024-04-16 12:24:31 INFO [Client.Receiver] Sending   -----> ACK packet for sequence number: 1
2024-04-16 12:24:32 INFO [Client.Receiver] Received   <----- DAT packet seqNo: 2, containing 16(bytes) of the file.
2024-04-16 12:24:32 INFO [Client.Receiver] Sending   -----> ACK packet for sequence number: 2
2024-04-16 12:24:32 INFO [Client.Receiver] Received   <----- DAT packet seqNo: 3, containing 16(bytes) of the file.
2024-04-16 12:24:32 INFO [Client.Receiver] Sending   -----> ACK packet for sequence number: 3
2024-04-16 12:24:32 INFO [Client.Receiver] Received   <----- DAT packet seqNo: 0, containing 16(bytes) of the file.
2024-04-16 12:24:32 INFO [Client.Receiver] Sending   -----> ACK packet for sequence number: 0
2024-04-16 12:24:32 INFO [Client.Receiver] Received   <----- DAT packet seqNo: 1, containing 16(bytes) of the file.
2024-04-16 12:24:32 INFO [Client.Receiver] Sending   -----> ACK packet for sequence number: 1
2024-04-16 12:24:32 INFO [Client.Receiver] Received   <----- DAT packet seqNo: 2, containing 16(bytes) of the file.
2024-04-16 12:24:32 INFO [Client.Receiver] Sending   -----> ACK packet for sequence number: 2
2024-04-16 12:24:32 INFO [Client.Receiver] Received   <----- DAT packet seqNo: 3, containing 16(bytes) of the file.
2024-04-16 12:24:32 INFO [Client.Receiver] Sending   -----> ACK packet for sequence number: 3
2024-04-16 12:24:32 INFO [Client.Receiver] Received   <----- DAT packet seqNo: 0, containing 16(bytes) of the file.
2024-04-16 12:24:32 INFO [Client.Receiver] Sending   -----> ACK packet for sequence number: 0
2024-04-16 12:24:32 INFO [Client.Receiver] Received   <----- DAT packet seqNo: 1, containing 9(bytes) of the file.
2024-04-16 12:24:32 INFO [Client.Receiver] Sending   -----> ACK packet for sequence number: 1
2024-04-16 12:24:32 INFO [Client.Receiver] Received   <----- EOT packet 
2024-04-16 12:24:32 INFO [Client.Receiver] Sending   -----> ACK packet for sequence number: 2
2024-04-16 12:24:32 INFO [Client.Receiver] File transfer complete. Total data size: 2137 bytes.
