2024-04-14 21:38:55 INFO Log started for: Client.Main
2024-04-14 21:38:55 INFO [Client.Main] Receiver started
2024-04-14 21:38:55 INFO [Client.Receiver] Sending   -----> REQ packet for file: README.txt
2024-04-14 21:38:55 INFO [Client.Receiver] Received   <----- DAT packet seqNo: 0, containing 2137(bytes) of the file.
2024-04-14 21:38:55 INFO [Client.Receiver] Sending   -----> ACK packet for sequence number: 0
2024-04-14 21:38:55 INFO [Client.Receiver] Received   <----- DAT packet seqNo: 1, containing 16(bytes) of the file.
2024-04-14 21:38:55 INFO [Client.Receiver] Sending   -----> ACK packet for sequence number: 1
2024-04-14 21:38:55 INFO [Client.Receiver] Received   <----- DAT packet seqNo: 2, containing 16(bytes) of the file.
2024-04-14 21:38:55 INFO [Client.Receiver] Sending   -----> ACK packet for sequence number: 2
2024-04-14 21:38:55 INFO [Client.Receiver] Received   <----- DAT packet seqNo: 3, containing 16(bytes) of the file.
2024-04-14 21:38:55 INFO [Client.Receiver] Sending   -----> ACK packet for sequence number: 3
2024-04-14 21:38:55 INFO [Client.Receiver] Received   <----- DAT packet seqNo: 0, containing 16(bytes) of the file.
2024-04-14 21:38:55 INFO [Client.Receiver] Sending   -----> ACK packet for sequence number: 0
2024-04-14 21:38:55 INFO [Client.Receiver] Received   <----- DAT packet seqNo: 1, containing 16(bytes) of the file.
2024-04-14 21:38:55 INFO [Client.Receiver] Sending   -----> ACK packet for sequence number: 1
2024-04-14 21:38:55 INFO [Client.Receiver] Received   <----- DAT packet seqNo: 2, containing 16(bytes) of the file.
2024-04-14 21:38:55 INFO [Client.Receiver] Sending   -----> ACK packet for sequence number: 2
2024-04-14 21:38:55 INFO [Client.Receiver] Received   <----- DAT packet seqNo: 3, containing 16(bytes) of the file.
2024-04-14 21:38:55 INFO [Client.Receiver] Sending   -----> ACK packet for sequence number: 3
2024-04-14 21:38:55 INFO [Client.Receiver] Received   <----- DAT packet seqNo: 0, containing 16(bytes) of the file.
2024-04-14 21:38:55 INFO [Client.Receiver] Sending   -----> ACK packet for sequence number: 0
2024-04-14 21:38:56 INFO [Client.Receiver] Received   <----- DAT packet seqNo: 1, containing 16(bytes) of the file.
2024-04-14 21:38:56 INFO [Client.Receiver] Sending   -----> ACK packet for sequence number: 1
2024-04-14 21:38:56 INFO [Client.Receiver] Received   <----- DAT packet seqNo: 2, containing 16(bytes) of the file.
2024-04-14 21:38:56 INFO [Client.Receiver] Sending   -----> ACK packet for sequence number: 2
2024-04-14 21:38:56 INFO [Client.Receiver] Received   <----- DAT packet seqNo: 3, containing 16(bytes) of the file.
2024-04-14 21:38:56 INFO [Client.Receiver] Sending   -----> ACK packet for sequence number: 3
2024-04-14 21:38:56 INFO [Client.Receiver] Received   <----- DAT packet seqNo: 0, containing 16(bytes) of the file.
2024-04-14 21:38:56 INFO [Client.Receiver] Sending   -----> ACK packet for sequence number: 0
2024-04-14 21:38:56 INFO [Client.Receiver] Received   <----- DAT packet seqNo: 1, containing 16(bytes) of the file.
2024-04-14 21:38:56 INFO [Client.Receiver] Sending   -----> ACK packet for sequence number: 1
2024-04-14 21:38:56 INFO [Client.Receiver] Received   <----- DAT packet seqNo: 2, containing 16(bytes) of the file.
2024-04-14 21:38:56 INFO [Client.Receiver] Sending   -----> ACK packet for sequence number: 2
2024-04-14 21:38:56 INFO [Client.Receiver] Received   <----- DAT packet seqNo: 3, containing 16(bytes) of the file.
2024-04-14 21:38:56 INFO [Client.Receiver] Sending   -----> ACK packet for sequence number: 3
2024-04-14 21:38:56 INFO [Client.Receiver] Received   <----- DAT packet seqNo: 0, containing 16(bytes) of the file.
2024-04-14 21:38:56 INFO [Client.Receiver] Sending   -----> ACK packet for sequence number: 0
2024-04-14 21:38:56 INFO [Client.Receiver] Received   <----- DAT packet seqNo: 1, containing 16(bytes) of the file.
2024-04-14 21:38:56 INFO [Client.Receiver] Sending   -----> ACK packet for sequence number: 1
2024-04-14 21:38:57 INFO [Client.Receiver] Received   <----- DAT packet seqNo: 2, containing 16(bytes) of the file.
2024-04-14 21:38:57 INFO [Client.Receiver] Sending   -----> ACK packet for sequence number: 2
2024-04-14 21:38:57 INFO [Client.Receiver] Received   <----- DAT packet seqNo: 3, containing 16(bytes) of the file.
2024-04-14 21:38:57 INFO [Client.Receiver] Sending   -----> ACK packet for sequence number: 3
2024-04-14 21:38:57 INFO [Client.Receiver] Received   <----- DAT packet seqNo: 0, containing 16(bytes) of the file.
2024-04-14 21:38:57 INFO [Client.Receiver] Sending   -----> ACK packet for sequence number: 0
2024-04-14 21:38:57 INFO [Client.Receiver] Received   <----- DAT packet seqNo: 1, containing 16(bytes) of the file.
2024-04-14 21:38:57 INFO [Client.Receiver] Sending   -----> ACK packet for sequence number: 1
2024-04-14 21:38:57 INFO [Client.Receiver] Received   <----- DAT packet seqNo: 2, containing 16(bytes) of the file.
2024-04-14 21:38:57 INFO [Client.Receiver] Sending   -----> ACK packet for sequence number: 2
2024-04-14 21:38:57 INFO [Client.Receiver] Received   <----- DAT packet seqNo: 3, containing 16(bytes) of the file.
2024-04-14 21:38:57 INFO [Client.Receiver] Sending   -----> ACK packet for sequence number: 3
2024-04-14 21:38:57 INFO [Client.Receiver] Received   <----- DAT packet seqNo: 0, containing 16(bytes) of the file.
2024-04-14 21:38:57 INFO [Client.Receiver] Sending   -----> ACK packet for sequence number: 0
2024-04-14 21:38:57 INFO [Client.Receiver] Received   <----- DAT packet seqNo: 1, containing 16(bytes) of the file.
2024-04-14 21:38:57 INFO [Client.Receiver] Sending   -----> ACK packet for sequence number: 1
2024-04-14 21:38:57 INFO [Client.Receiver] Received   <----- DAT packet seqNo: 2, containing 16(bytes) of the file.
2024-04-14 21:38:57 INFO [Client.Receiver] Sending   -----> ACK packet for sequence number: 2
2024-04-14 21:38:58 INFO [Client.Receiver] Received   <----- DAT packet seqNo: 3, containing 16(bytes) of the file.
2024-04-14 21:38:58 INFO [Client.Receiver] Sending   -----> ACK packet for sequence number: 3
2024-04-14 21:38:58 INFO [Client.Receiver] Received   <----- DAT packet seqNo: 0, containing 16(bytes) of the file.
2024-04-14 21:38:58 INFO [Client.Receiver] Sending   -----> ACK packet for sequence number: 0
2024-04-14 21:38:58 INFO [Client.Receiver] Received   <----- DAT packet seqNo: 1, containing 16(bytes) of the file.
2024-04-14 21:38:58 INFO [Client.Receiver] Sending   -----> ACK packet for sequence number: 1
2024-04-14 21:38:58 INFO [Client.Receiver] Received   <----- DAT packet seqNo: 2, containing 16(bytes) of the file.
2024-04-14 21:38:58 INFO [Client.Receiver] Sending   -----> ACK packet for sequence number: 2
2024-04-14 21:38:58 INFO [Client.Receiver] Received   <----- DAT packet seqNo: 3, containing 16(bytes) of the file.
2024-04-14 21:38:58 INFO [Client.Receiver] Sending   -----> ACK packet for sequence number: 3
2024-04-14 21:38:58 INFO [Client.Receiver] Received   <----- DAT packet seqNo: 0, containing 16(bytes) of the file.
2024-04-14 21:38:58 INFO [Client.Receiver] Sending   -----> ACK packet for sequence number: 0
2024-04-14 21:38:58 INFO [Client.Receiver] Received   <----- DAT packet seqNo: 1, containing 16(bytes) of the file.
2024-04-14 21:38:58 INFO [Client.Receiver] Sending   -----> ACK packet for sequence number: 1
2024-04-14 21:38:58 INFO [Client.Receiver] Received   <----- DAT packet seqNo: 2, containing 16(bytes) of the file.
2024-04-14 21:38:58 INFO [Client.Receiver] Sending   -----> ACK packet for sequence number: 2
2024-04-14 21:38:58 INFO [Client.Receiver] Received   <----- DAT packet seqNo: 3, containing 16(bytes) of the file.
2024-04-14 21:38:58 INFO [Client.Receiver] Sending   -----> ACK packet for sequence number: 3
2024-04-14 21:38:59 INFO [Client.Receiver] Received   <----- DAT packet seqNo: 0, containing 16(bytes) of the file.
2024-04-14 21:38:59 INFO [Client.Receiver] Sending   -----> ACK packet for sequence number: 0
2024-04-14 21:38:59 INFO [Client.Receiver] Received   <----- DAT packet seqNo: 1, containing 16(bytes) of the file.
2024-04-14 21:38:59 INFO [Client.Receiver] Sending   -----> ACK packet for sequence number: 1
2024-04-14 21:38:59 INFO [Client.Receiver] Received   <----- DAT packet seqNo: 2, containing 16(bytes) of the file.
2024-04-14 21:38:59 INFO [Client.Receiver] Sending   -----> ACK packet for sequence number: 2
2024-04-14 21:38:59 INFO [Client.Receiver] Received   <----- DAT packet seqNo: 3, containing 16(bytes) of the file.
2024-04-14 21:38:59 INFO [Client.Receiver] Sending   -----> ACK packet for sequence number: 3
2024-04-14 21:38:59 INFO [Client.Receiver] Received   <----- DAT packet seqNo: 0, containing 16(bytes) of the file.
2024-04-14 21:38:59 INFO [Client.Receiver] Sending   -----> ACK packet for sequence number: 0
2024-04-14 21:38:59 INFO [Client.Receiver] Received   <----- DAT packet seqNo: 1, containing 16(bytes) of the file.
2024-04-14 21:38:59 INFO [Client.Receiver] Sending   -----> ACK packet for sequence number: 1
2024-04-14 21:38:59 INFO [Client.Receiver] Received   <----- DAT packet seqNo: 2, containing 16(bytes) of the file.
2024-04-14 21:38:59 INFO [Client.Receiver] Sending   -----> ACK packet for sequence number: 2
2024-04-14 21:38:59 INFO [Client.Receiver] Received   <----- DAT packet seqNo: 3, containing 16(bytes) of the file.
2024-04-14 21:38:59 INFO [Client.Receiver] Sending   -----> ACK packet for sequence number: 3
2024-04-14 21:38:59 INFO [Client.Receiver] Received   <----- DAT packet seqNo: 0, containing 16(bytes) of the file.
2024-04-14 21:38:59 INFO [Client.Receiver] Sending   -----> ACK packet for sequence number: 0
2024-04-14 21:38:59 INFO [Client.Receiver] Received   <----- DAT packet seqNo: 1, containing 16(bytes) of the file.
2024-04-14 21:38:59 INFO [Client.Receiver] Sending   -----> ACK packet for sequence number: 1
2024-04-14 21:39:00 INFO [Client.Receiver] Received   <----- DAT packet seqNo: 2, containing 16(bytes) of the file.
2024-04-14 21:39:00 INFO [Client.Receiver] Sending   -----> ACK packet for sequence number: 2
2024-04-14 21:39:00 INFO [Client.Receiver] Received   <----- DAT packet seqNo: 3, containing 16(bytes) of the file.
2024-04-14 21:39:00 INFO [Client.Receiver] Sending   -----> ACK packet for sequence number: 3
2024-04-14 21:39:00 INFO [Client.Receiver] Received   <----- DAT packet seqNo: 0, containing 16(bytes) of the file.
2024-04-14 21:39:00 INFO [Client.Receiver] Sending   -----> ACK packet for sequence number: 0
2024-04-14 21:39:00 INFO [Client.Receiver] Received   <----- DAT packet seqNo: 1, containing 16(bytes) of the file.
2024-04-14 21:39:00 INFO [Client.Receiver] Sending   -----> ACK packet for sequence number: 1
2024-04-14 21:39:00 INFO [Client.Receiver] Received   <----- DAT packet seqNo: 2, containing 16(bytes) of the file.
2024-04-14 21:39:00 INFO [Client.Receiver] Sending   -----> ACK packet for sequence number: 2
2024-04-14 21:39:00 INFO [Client.Receiver] Received   <----- DAT packet seqNo: 3, containing 16(bytes) of the file.
2024-04-14 21:39:00 INFO [Client.Receiver] Sending   -----> ACK packet for sequence number: 3
2024-04-14 21:39:00 INFO [Client.Receiver] Received   <----- DAT packet seqNo: 0, containing 16(bytes) of the file.
2024-04-14 21:39:00 INFO [Client.Receiver] Sending   -----> ACK packet for sequence number: 0
2024-04-14 21:39:00 INFO [Client.Receiver] Received   <----- DAT packet seqNo: 1, containing 16(bytes) of the file.
2024-04-14 21:39:00 INFO [Client.Receiver] Sending   -----> ACK packet for sequence number: 1
2024-04-14 21:39:00 INFO [Client.Receiver] Received   <----- DAT packet seqNo: 2, containing 16(bytes) of the file.
2024-04-14 21:39:00 INFO [Client.Receiver] Sending   -----> ACK packet for sequence number: 2
2024-04-14 21:39:01 INFO [Client.Receiver] Received   <----- DAT packet seqNo: 3, containing 16(bytes) of the file.
2024-04-14 21:39:01 INFO [Client.Receiver] Sending   -----> ACK packet for sequence number: 3
2024-04-14 21:39:01 INFO [Client.Receiver] Received   <----- DAT packet seqNo: 0, containing 16(bytes) of the file.
2024-04-14 21:39:01 INFO [Client.Receiver] Sending   -----> ACK packet for sequence number: 0
2024-04-14 21:39:01 INFO [Client.Receiver] Received   <----- DAT packet seqNo: 1, containing 16(bytes) of the file.
2024-04-14 21:39:01 INFO [Client.Receiver] Sending   -----> ACK packet for sequence number: 1
2024-04-14 21:39:01 INFO [Client.Receiver] Received   <----- DAT packet seqNo: 2, containing 16(bytes) of the file.
2024-04-14 21:39:01 INFO [Client.Receiver] Sending   -----> ACK packet for sequence number: 2
2024-04-14 21:39:01 INFO [Client.Receiver] Received   <----- DAT packet seqNo: 3, containing 16(bytes) of the file.
2024-04-14 21:39:01 INFO [Client.Receiver] Sending   -----> ACK packet for sequence number: 3
2024-04-14 21:39:01 INFO [Client.Receiver] Received   <----- DAT packet seqNo: 0, containing 16(bytes) of the file.
2024-04-14 21:39:01 INFO [Client.Receiver] Sending   -----> ACK packet for sequence number: 0
2024-04-14 21:39:01 INFO [Client.Receiver] Received   <----- DAT packet seqNo: 1, containing 16(bytes) of the file.
2024-04-14 21:39:01 INFO [Client.Receiver] Sending   -----> ACK packet for sequence number: 1
2024-04-14 21:39:01 INFO [Client.Receiver] Received   <----- DAT packet seqNo: 2, containing 16(bytes) of the file.
2024-04-14 21:39:01 INFO [Client.Receiver] Sending   -----> ACK packet for sequence number: 2
2024-04-14 21:39:01 INFO [Client.Receiver] Received   <----- DAT packet seqNo: 3, containing 16(bytes) of the file.
2024-04-14 21:39:01 INFO [Client.Receiver] Sending   -----> ACK packet for sequence number: 3
2024-04-14 21:39:01 INFO [Client.Receiver] Received   <----- DAT packet seqNo: 0, containing 16(bytes) of the file.
2024-04-14 21:39:01 INFO [Client.Receiver] Sending   -----> ACK packet for sequence number: 0
2024-04-14 21:39:02 INFO [Client.Receiver] Received   <----- DAT packet seqNo: 1, containing 16(bytes) of the file.
2024-04-14 21:39:02 INFO [Client.Receiver] Sending   -----> ACK packet for sequence number: 1
2024-04-14 21:39:02 INFO [Client.Receiver] Received   <----- DAT packet seqNo: 2, containing 16(bytes) of the file.
2024-04-14 21:39:02 INFO [Client.Receiver] Sending   -----> ACK packet for sequence number: 2
2024-04-14 21:39:02 INFO [Client.Receiver] Received   <----- DAT packet seqNo: 3, containing 16(bytes) of the file.
2024-04-14 21:39:02 INFO [Client.Receiver] Sending   -----> ACK packet for sequence number: 3
2024-04-14 21:39:02 INFO [Client.Receiver] Received   <----- DAT packet seqNo: 0, containing 16(bytes) of the file.
2024-04-14 21:39:02 INFO [Client.Receiver] Sending   -----> ACK packet for sequence number: 0
2024-04-14 21:39:02 INFO [Client.Receiver] Received   <----- DAT packet seqNo: 1, containing 16(bytes) of the file.
2024-04-14 21:39:02 INFO [Client.Receiver] Sending   -----> ACK packet for sequence number: 1
2024-04-14 21:39:02 INFO [Client.Receiver] Received   <----- DAT packet seqNo: 2, containing 16(bytes) of the file.
2024-04-14 21:39:02 INFO [Client.Receiver] Sending   -----> ACK packet for sequence number: 2
2024-04-14 21:39:02 INFO [Client.Receiver] Received   <----- DAT packet seqNo: 3, containing 16(bytes) of the file.
2024-04-14 21:39:02 INFO [Client.Receiver] Sending   -----> ACK packet for sequence number: 3
2024-04-14 21:39:02 INFO [Client.Receiver] Received   <----- DAT packet seqNo: 0, containing 16(bytes) of the file.
2024-04-14 21:39:02 INFO [Client.Receiver] Sending   -----> ACK packet for sequence number: 0
2024-04-14 21:39:02 INFO [Client.Receiver] Received   <----- DAT packet seqNo: 1, containing 16(bytes) of the file.
2024-04-14 21:39:02 INFO [Client.Receiver] Sending   -----> ACK packet for sequence number: 1
2024-04-14 21:39:03 INFO [Client.Receiver] Received   <----- DAT packet seqNo: 2, containing 16(bytes) of the file.
2024-04-14 21:39:03 INFO [Client.Receiver] Sending   -----> ACK packet for sequence number: 2
2024-04-14 21:39:03 INFO [Client.Receiver] Received   <----- DAT packet seqNo: 3, containing 16(bytes) of the file.
2024-04-14 21:39:03 INFO [Client.Receiver] Sending   -----> ACK packet for sequence number: 3
2024-04-14 21:39:03 INFO [Client.Receiver] Received   <----- DAT packet seqNo: 0, containing 16(bytes) of the file.
2024-04-14 21:39:03 INFO [Client.Receiver] Sending   -----> ACK packet for sequence number: 0
2024-04-14 21:39:03 INFO [Client.Receiver] Received   <----- DAT packet seqNo: 1, containing 16(bytes) of the file.
2024-04-14 21:39:03 INFO [Client.Receiver] Sending   -----> ACK packet for sequence number: 1
2024-04-14 21:39:03 INFO [Client.Receiver] Received   <----- DAT packet seqNo: 2, containing 16(bytes) of the file.
2024-04-14 21:39:03 INFO [Client.Receiver] Sending   -----> ACK packet for sequence number: 2
2024-04-14 21:39:03 INFO [Client.Receiver] Received   <----- DAT packet seqNo: 3, containing 16(bytes) of the file.
2024-04-14 21:39:03 INFO [Client.Receiver] Sending   -----> ACK packet for sequence number: 3
2024-04-14 21:39:03 INFO [Client.Receiver] Received   <----- DAT packet seqNo: 0, containing 16(bytes) of the file.
2024-04-14 21:39:03 INFO [Client.Receiver] Sending   -----> ACK packet for sequence number: 0
2024-04-14 21:39:03 INFO [Client.Receiver] Received   <----- DAT packet seqNo: 1, containing 16(bytes) of the file.
2024-04-14 21:39:03 INFO [Client.Receiver] Sending   -----> ACK packet for sequence number: 1
2024-04-14 21:39:03 INFO [Client.Receiver] Received   <----- DAT packet seqNo: 2, containing 16(bytes) of the file.
2024-04-14 21:39:03 INFO [Client.Receiver] Sending   -----> ACK packet for sequence number: 2
2024-04-14 21:39:04 INFO [Client.Receiver] Received   <----- DAT packet seqNo: 3, containing 16(bytes) of the file.
2024-04-14 21:39:04 INFO [Client.Receiver] Sending   -----> ACK packet for sequence number: 3
2024-04-14 21:39:04 INFO [Client.Receiver] Received   <----- DAT packet seqNo: 0, containing 16(bytes) of the file.
2024-04-14 21:39:04 INFO [Client.Receiver] Sending   -----> ACK packet for sequence number: 0
2024-04-14 21:39:04 INFO [Client.Receiver] Received   <----- DAT packet seqNo: 1, containing 16(bytes) of the file.
2024-04-14 21:39:04 INFO [Client.Receiver] Sending   -----> ACK packet for sequence number: 1
2024-04-14 21:39:04 INFO [Client.Receiver] Received   <----- DAT packet seqNo: 2, containing 16(bytes) of the file.
2024-04-14 21:39:04 INFO [Client.Receiver] Sending   -----> ACK packet for sequence number: 2
2024-04-14 21:39:04 INFO [Client.Receiver] Received   <----- DAT packet seqNo: 3, containing 16(bytes) of the file.
2024-04-14 21:39:04 INFO [Client.Receiver] Sending   -----> ACK packet for sequence number: 3
2024-04-14 21:39:04 INFO [Client.Receiver] Received   <----- DAT packet seqNo: 0, containing 16(bytes) of the file.
2024-04-14 21:39:04 INFO [Client.Receiver] Sending   -----> ACK packet for sequence number: 0
2024-04-14 21:39:04 INFO [Client.Receiver] Received   <----- DAT packet seqNo: 1, containing 16(bytes) of the file.
2024-04-14 21:39:04 INFO [Client.Receiver] Sending   -----> ACK packet for sequence number: 1
2024-04-14 21:39:04 INFO [Client.Receiver] Received   <----- DAT packet seqNo: 2, containing 16(bytes) of the file.
2024-04-14 21:39:04 INFO [Client.Receiver] Sending   -----> ACK packet for sequence number: 2
2024-04-14 21:39:04 INFO [Client.Receiver] Received   <----- DAT packet seqNo: 3, containing 16(bytes) of the file.
2024-04-14 21:39:04 INFO [Client.Receiver] Sending   -----> ACK packet for sequence number: 3
2024-04-14 21:39:04 INFO [Client.Receiver] Received   <----- DAT packet seqNo: 0, containing 16(bytes) of the file.
2024-04-14 21:39:04 INFO [Client.Receiver] Sending   -----> ACK packet for sequence number: 0
2024-04-14 21:39:05 INFO [Client.Receiver] Received   <----- DAT packet seqNo: 1, containing 16(bytes) of the file.
2024-04-14 21:39:05 INFO [Client.Receiver] Sending   -----> ACK packet for sequence number: 1
2024-04-14 21:39:05 INFO [Client.Receiver] Received   <----- DAT packet seqNo: 2, containing 16(bytes) of the file.
2024-04-14 21:39:05 INFO [Client.Receiver] Sending   -----> ACK packet for sequence number: 2
2024-04-14 21:39:05 INFO [Client.Receiver] Received   <----- DAT packet seqNo: 3, containing 16(bytes) of the file.
2024-04-14 21:39:05 INFO [Client.Receiver] Sending   -----> ACK packet for sequence number: 3
2024-04-14 21:39:05 INFO [Client.Receiver] Received   <----- DAT packet seqNo: 0, containing 16(bytes) of the file.
2024-04-14 21:39:05 INFO [Client.Receiver] Sending   -----> ACK packet for sequence number: 0
2024-04-14 21:39:05 INFO [Client.Receiver] Received   <----- DAT packet seqNo: 1, containing 16(bytes) of the file.
2024-04-14 21:39:05 INFO [Client.Receiver] Sending   -----> ACK packet for sequence number: 1
2024-04-14 21:39:05 INFO [Client.Receiver] Received   <----- DAT packet seqNo: 2, containing 16(bytes) of the file.
2024-04-14 21:39:05 INFO [Client.Receiver] Sending   -----> ACK packet for sequence number: 2
2024-04-14 21:39:05 INFO [Client.Receiver] Received   <----- DAT packet seqNo: 3, containing 16(bytes) of the file.
2024-04-14 21:39:05 INFO [Client.Receiver] Sending   -----> ACK packet for sequence number: 3
2024-04-14 21:39:05 INFO [Client.Receiver] Received   <----- DAT packet seqNo: 0, containing 16(bytes) of the file.
2024-04-14 21:39:05 INFO [Client.Receiver] Sending   -----> ACK packet for sequence number: 0
2024-04-14 21:39:05 INFO [Client.Receiver] Received   <----- DAT packet seqNo: 1, containing 16(bytes) of the file.
2024-04-14 21:39:05 INFO [Client.Receiver] Sending   -----> ACK packet for sequence number: 1
2024-04-14 21:39:06 INFO [Client.Receiver] Received   <----- DAT packet seqNo: 2, containing 16(bytes) of the file.
2024-04-14 21:39:06 INFO [Client.Receiver] Sending   -----> ACK packet for sequence number: 2
2024-04-14 21:39:06 INFO [Client.Receiver] Received   <----- DAT packet seqNo: 3, containing 16(bytes) of the file.
2024-04-14 21:39:06 INFO [Client.Receiver] Sending   -----> ACK packet for sequence number: 3
2024-04-14 21:39:06 INFO [Client.Receiver] Received   <----- DAT packet seqNo: 0, containing 16(bytes) of the file.
2024-04-14 21:39:06 INFO [Client.Receiver] Sending   -----> ACK packet for sequence number: 0
2024-04-14 21:39:06 INFO [Client.Receiver] Received   <----- DAT packet seqNo: 1, containing 16(bytes) of the file.
2024-04-14 21:39:06 INFO [Client.Receiver] Sending   -----> ACK packet for sequence number: 1
2024-04-14 21:39:06 INFO [Client.Receiver] Received   <----- DAT packet seqNo: 2, containing 16(bytes) of the file.
2024-04-14 21:39:06 INFO [Client.Receiver] Sending   -----> ACK packet for sequence number: 2
2024-04-14 21:39:06 INFO [Client.Receiver] Received   <----- DAT packet seqNo: 3, containing 16(bytes) of the file.
2024-04-14 21:39:06 INFO [Client.Receiver] Sending   -----> ACK packet for sequence number: 3
2024-04-14 21:39:06 INFO [Client.Receiver] Received   <----- DAT packet seqNo: 0, containing 16(bytes) of the file.
2024-04-14 21:39:06 INFO [Client.Receiver] Sending   -----> ACK packet for sequence number: 0
2024-04-14 21:39:06 INFO [Client.Receiver] Received   <----- DAT packet seqNo: 1, containing 16(bytes) of the file.
2024-04-14 21:39:06 INFO [Client.Receiver] Sending   -----> ACK packet for sequence number: 1
2024-04-14 21:39:06 INFO [Client.Receiver] Received   <----- DAT packet seqNo: 2, containing 16(bytes) of the file.
2024-04-14 21:39:06 INFO [Client.Receiver] Sending   -----> ACK packet for sequence number: 2
2024-04-14 21:39:07 INFO [Client.Receiver] Received   <----- DAT packet seqNo: 3, containing 16(bytes) of the file.
2024-04-14 21:39:07 INFO [Client.Receiver] Sending   -----> ACK packet for sequence number: 3
2024-04-14 21:39:07 INFO [Client.Receiver] Received   <----- DAT packet seqNo: 0, containing 16(bytes) of the file.
2024-04-14 21:39:07 INFO [Client.Receiver] Sending   -----> ACK packet for sequence number: 0
2024-04-14 21:39:07 INFO [Client.Receiver] Received   <----- DAT packet seqNo: 1, containing 16(bytes) of the file.
2024-04-14 21:39:07 INFO [Client.Receiver] Sending   -----> ACK packet for sequence number: 1
2024-04-14 21:39:07 INFO [Client.Receiver] Received   <----- DAT packet seqNo: 2, containing 16(bytes) of the file.
2024-04-14 21:39:07 INFO [Client.Receiver] Sending   -----> ACK packet for sequence number: 2
2024-04-14 21:39:07 INFO [Client.Receiver] Received   <----- DAT packet seqNo: 3, containing 16(bytes) of the file.
2024-04-14 21:39:07 INFO [Client.Receiver] Sending   -----> ACK packet for sequence number: 3
2024-04-14 21:39:07 INFO [Client.Receiver] Received   <----- DAT packet seqNo: 0, containing 16(bytes) of the file.
2024-04-14 21:39:07 INFO [Client.Receiver] Sending   -----> ACK packet for sequence number: 0
2024-04-14 21:39:07 INFO [Client.Receiver] Received   <----- DAT packet seqNo: 1, containing 16(bytes) of the file.
2024-04-14 21:39:07 INFO [Client.Receiver] Sending   -----> ACK packet for sequence number: 1
2024-04-14 21:39:07 INFO [Client.Receiver] Received   <----- DAT packet seqNo: 2, containing 16(bytes) of the file.
2024-04-14 21:39:07 INFO [Client.Receiver] Sending   -----> ACK packet for sequence number: 2
2024-04-14 21:39:07 INFO [Client.Receiver] Received   <----- DAT packet seqNo: 3, containing 16(bytes) of the file.
2024-04-14 21:39:07 INFO [Client.Receiver] Sending   -----> ACK packet for sequence number: 3
2024-04-14 21:39:07 INFO [Client.Receiver] Received   <----- DAT packet seqNo: 0, containing 16(bytes) of the file.
2024-04-14 21:39:07 INFO [Client.Receiver] Sending   -----> ACK packet for sequence number: 0
2024-04-14 21:39:08 INFO [Client.Receiver] Received   <----- DAT packet seqNo: 1, containing 16(bytes) of the file.
2024-04-14 21:39:08 INFO [Client.Receiver] Sending   -----> ACK packet for sequence number: 1
2024-04-14 21:39:08 INFO [Client.Receiver] Received   <----- DAT packet seqNo: 2, containing 16(bytes) of the file.
2024-04-14 21:39:08 INFO [Client.Receiver] Sending   -----> ACK packet for sequence number: 2
2024-04-14 21:39:08 INFO [Client.Receiver] Received   <----- DAT packet seqNo: 3, containing 16(bytes) of the file.
2024-04-14 21:39:08 INFO [Client.Receiver] Sending   -----> ACK packet for sequence number: 3
2024-04-14 21:39:08 INFO [Client.Receiver] Received   <----- DAT packet seqNo: 0, containing 16(bytes) of the file.
2024-04-14 21:39:08 INFO [Client.Receiver] Sending   -----> ACK packet for sequence number: 0
2024-04-14 21:39:08 INFO [Client.Receiver] Received   <----- DAT packet seqNo: 1, containing 16(bytes) of the file.
2024-04-14 21:39:08 INFO [Client.Receiver] Sending   -----> ACK packet for sequence number: 1
2024-04-14 21:39:08 INFO [Client.Receiver] Received   <----- DAT packet seqNo: 2, containing 16(bytes) of the file.
2024-04-14 21:39:08 INFO [Client.Receiver] Sending   -----> ACK packet for sequence number: 2
2024-04-14 21:39:08 INFO [Client.Receiver] Received   <----- DAT packet seqNo: 3, containing 16(bytes) of the file.
2024-04-14 21:39:08 INFO [Client.Receiver] Sending   -----> ACK packet for sequence number: 3
2024-04-14 21:39:08 INFO [Client.Receiver] Received   <----- DAT packet seqNo: 0, containing 16(bytes) of the file.
2024-04-14 21:39:08 INFO [Client.Receiver] Sending   -----> ACK packet for sequence number: 0
2024-04-14 21:39:08 INFO [Client.Receiver] Received   <----- DAT packet seqNo: 1, containing 16(bytes) of the file.
2024-04-14 21:39:08 INFO [Client.Receiver] Sending   -----> ACK packet for sequence number: 1
2024-04-14 21:39:09 INFO [Client.Receiver] Received   <----- DAT packet seqNo: 2, containing 16(bytes) of the file.
2024-04-14 21:39:09 INFO [Client.Receiver] Sending   -----> ACK packet for sequence number: 2
2024-04-14 21:39:09 INFO [Client.Receiver] Received   <----- DAT packet seqNo: 3, containing 16(bytes) of the file.
2024-04-14 21:39:09 INFO [Client.Receiver] Sending   -----> ACK packet for sequence number: 3
2024-04-14 21:39:09 INFO [Client.Receiver] Received   <----- DAT packet seqNo: 0, containing 16(bytes) of the file.
2024-04-14 21:39:09 INFO [Client.Receiver] Sending   -----> ACK packet for sequence number: 0
2024-04-14 21:39:09 INFO [Client.Receiver] Received   <----- DAT packet seqNo: 1, containing 9(bytes) of the file.
2024-04-14 21:39:09 INFO [Client.Receiver] Sending   -----> ACK packet for sequence number: 1
2024-04-14 21:39:09 INFO [Client.Receiver] Received   <----- EOT packet 
2024-04-14 21:39:09 INFO [Client.Receiver] Sending   -----> ACK packet for sequence number: 2
2024-04-14 21:39:09 INFO [Client.Receiver] File transfer complete. Total data size: 4258 bytes.
